<?xml version="1.0" encoding="UTF-8"?>
<testng-results ignored="0" total="1" passed="1" failed="0" skipped="0">
  <reporter-output>
  </reporter-output>
  <suite started-at="2024-10-18T10:44:02 IST" name="Test" finished-at="2024-10-18T10:44:03 IST" duration-ms="26">
    <groups>
    </groups>
    <test started-at="2024-10-18T10:44:02 IST" name="Testing" finished-at="2024-10-18T10:44:03 IST" duration-ms="26">
      <class name="testNG.ParameterizationExample">
        <test-method signature="myName(java.lang.String)[pri:0, instance:testNG.ParameterizationExample@2af004b]" started-at="2024-10-18T10:44:03 IST" name="myName" finished-at="2024-10-18T10:44:03 IST" duration-ms="5" status="PASS">
          <params>
            <param index="0">
              <value>
                <![CDATA[JOTHEESH]]>
              </value>
            </param>
          </params>
          <reporter-output>
          </reporter-output>
        </test-method> <!-- myName -->
      </class> <!-- testNG.ParameterizationExample -->
    </test> <!-- Testing -->
  </suite> <!-- Test -->
</testng-results>
