<?xml version="1.0" encoding="UTF-8"?>
<testng-results ignored="0" total="2" passed="2" failed="0" skipped="0">
  <reporter-output>
  </reporter-output>
  <suite started-at="2024-10-17T18:00:35 IST" name="Test" finished-at="2024-10-17T18:00:35 IST" duration-ms="34">
    <groups>
      <group name="Apple">
        <method signature="GroupingExample.Apple()[pri:0, instance:testNG.GroupingExample@69e153c5]" name="Apple" class="testNG.GroupingExample"/>
        <method signature="GroupingExample.Apple1()[pri:0, instance:testNG.GroupingExample@69e153c5]" name="Apple1" class="testNG.GroupingExample"/>
      </group> <!-- Apple -->
    </groups>
    <test started-at="2024-10-17T18:00:35 IST" name="Testing" finished-at="2024-10-17T18:00:35 IST" duration-ms="34">
      <class name="testNG.GroupingExample">
        <test-method signature="Apple()[pri:0, instance:testNG.GroupingExample@69e153c5]" started-at="2024-10-17T18:00:35 IST" name="Apple" finished-at="2024-10-17T18:00:35 IST" duration-ms="7" status="PASS">
          <reporter-output>
          </reporter-output>
        </test-method> <!-- Apple -->
        <test-method signature="Apple1()[pri:0, instance:testNG.GroupingExample@69e153c5]" started-at="2024-10-17T18:00:35 IST" name="Apple1" finished-at="2024-10-17T18:00:35 IST" duration-ms="2" status="PASS">
          <reporter-output>
          </reporter-output>
        </test-method> <!-- Apple1 -->
      </class> <!-- testNG.GroupingExample -->
    </test> <!-- Testing -->
  </suite> <!-- Test -->
</testng-results>
