<?xml version="1.0" encoding="UTF-8"?>
<!-- Generated by org.testng.reporters.JUnitXMLReporter -->
<testsuite ignored="0" hostname="AI-CJB-LAP-429" failures="0" tests="13" name="learning" time="3.786" errors="0" timestamp="2024-10-17T13:21:59 IST">
  <testcase classname="testNG.TestSuiteExample" name="openBing" time="0.732"/>
  <testcase classname="testNG.TestSuiteExample" name="openGoogle" time="0.24"/>
  <testcase classname="testNG.TestSuiteExample" name="openYahoo" time="2.648"/>
  <testcase classname="testNG.SampleClass" name="firstTestCase" time="0.001"/>
  <testcase classname="testNG.SampleClass" name="secondTestCase" time="0.004"/>
  <testcase classname="testNG.SampleClass" name="thirdTestCase" time="0.008"/>
  <testcase classname="testNG.DependenciesManagement" name="tenthStandard" time="0.009"/>
  <testcase classname="testNG.DependenciesManagement" name="higherSecondary" time="0.004"/>
  <testcase classname="testNG.DependenciesManagement" name="college" time="0.006"/>
  <testcase classname="testNG.Prioritytestng" name="firstGear" time="0.002"/>
  <testcase classname="testNG.Prioritytestng" name="secondGear" time="0.005"/>
  <testcase classname="testNG.Prioritytestng" name="thirdGear" time="0.001"/>
  <testcase classname="testNG.Prioritytestng" name="fourthGear" time="0.005"/>
</testsuite> <!-- learning -->
