<?xml version="1.0" encoding="UTF-8"?>
<!-- Generated by org.testng.reporters.JUnitXMLReporter -->
<testsuite ignored="1" hostname="AI-CJB-LAP-429" failures="0" tests="3" name="Default test" time="0.046" errors="0" timestamp="2024-10-17T19:29:01 IST">
  <testcase classname="testNG.EnabledTestNg" name="anirudh" time="0.01"/>
  <testcase classname="testNG.EnabledTestNg" name="arrahman" time="0.002"/>
  <testcase classname="testNG.EnabledTestNg" name="u1" time="0.003"/>
  <testcase classname="testNG.EnabledTestNg" name="shanthosh" time="0.0">
    <ignored/>
  </testcase> <!-- shanthosh -->
</testsuite> <!-- Default test -->
