<?xml version="1.0" encoding="UTF-8"?>
<!-- Generated by org.testng.reporters.JUnitXMLReporter -->
<testsuite ignored="2" hostname="AI-CJB-LAP-429" failures="0" tests="2" name="Testing" time="0.034" errors="0" timestamp="2024-10-17T18:00:35 IST">
  <testcase classname="testNG.GroupingExample" name="Apple" time="0.007"/>
  <testcase classname="testNG.GroupingExample" name="Apple1" time="0.002"/>
  <testcase classname="testNG.GroupingExample" name="Orange2" time="0.0">
    <ignored/>
  </testcase> <!-- Orange2 -->
  <testcase classname="testNG.GroupingExample" name="Orange1" time="0.0">
    <ignored/>
  </testcase> <!-- Orange1 -->
</testsuite> <!-- Testing -->
